25-Apr-2023 09:58:05.187 INFO [main] org.apache.catalina.startup.VersionLoggerListener.log Server version name:   Apache Tomcat/9.0.74
25-Apr-2023 09:58:05.191 INFO [main] org.apache.catalina.startup.VersionLoggerListener.log Server built:          Apr 13 2023 08:10:39 UTC
25-Apr-2023 09:58:05.191 INFO [main] org.apache.catalina.startup.VersionLoggerListener.log Server version number: 9.0.74.0
25-Apr-2023 09:58:05.191 INFO [main] org.apache.catalina.startup.VersionLoggerListener.log OS Name:               Windows 10
25-Apr-2023 09:58:05.192 INFO [main] org.apache.catalina.startup.VersionLoggerListener.log OS Version:            10.0
25-Apr-2023 09:58:05.192 INFO [main] org.apache.catalina.startup.VersionLoggerListener.log Architecture:          amd64
25-Apr-2023 09:58:05.192 INFO [main] org.apache.catalina.startup.VersionLoggerListener.log Java Home:             C:\Program Files\Java\jdk-19
25-Apr-2023 09:58:05.192 INFO [main] org.apache.catalina.startup.VersionLoggerListener.log JVM Version:           19.0.2+7-44
25-Apr-2023 09:58:05.192 INFO [main] org.apache.catalina.startup.VersionLoggerListener.log JVM Vendor:            Oracle Corporation
25-Apr-2023 09:58:05.193 INFO [main] org.apache.catalina.startup.VersionLoggerListener.log CATALINA_BASE:         D:\Programação\Curso Alura\backend\Java Servlet programação web Java\apache-tomcat-9.0.74
25-Apr-2023 09:58:05.193 INFO [main] org.apache.catalina.startup.VersionLoggerListener.log CATALINA_HOME:         D:\Programação\Curso Alura\backend\Java Servlet programação web Java\apache-tomcat-9.0.74
25-Apr-2023 09:58:05.203 INFO [main] org.apache.catalina.startup.VersionLoggerListener.log Command line argument: --add-opens=java.base/java.lang=ALL-UNNAMED
25-Apr-2023 09:58:05.203 INFO [main] org.apache.catalina.startup.VersionLoggerListener.log Command line argument: --add-opens=java.base/java.io=ALL-UNNAMED
25-Apr-2023 09:58:05.203 INFO [main] org.apache.catalina.startup.VersionLoggerListener.log Command line argument: --add-opens=java.base/java.util=ALL-UNNAMED
25-Apr-2023 09:58:05.203 INFO [main] org.apache.catalina.startup.VersionLoggerListener.log Command line argument: --add-opens=java.base/java.util.concurrent=ALL-UNNAMED
25-Apr-2023 09:58:05.203 INFO [main] org.apache.catalina.startup.VersionLoggerListener.log Command line argument: --add-opens=java.rmi/sun.rmi.transport=ALL-UNNAMED
25-Apr-2023 09:58:05.204 INFO [main] org.apache.catalina.startup.VersionLoggerListener.log Command line argument: -Djava.util.logging.config.file=D:\Programação\Curso Alura\backend\Java Servlet programação web Java\apache-tomcat-9.0.74\conf\logging.properties
25-Apr-2023 09:58:05.205 INFO [main] org.apache.catalina.startup.VersionLoggerListener.log Command line argument: -Djava.util.logging.manager=org.apache.juli.ClassLoaderLogManager
25-Apr-2023 09:58:05.205 INFO [main] org.apache.catalina.startup.VersionLoggerListener.log Command line argument: -Djdk.tls.ephemeralDHKeySize=2048
25-Apr-2023 09:58:05.206 INFO [main] org.apache.catalina.startup.VersionLoggerListener.log Command line argument: -Djava.protocol.handler.pkgs=org.apache.catalina.webresources
25-Apr-2023 09:58:05.206 INFO [main] org.apache.catalina.startup.VersionLoggerListener.log Command line argument: -Dignore.endorsed.dirs=
25-Apr-2023 09:58:05.207 INFO [main] org.apache.catalina.startup.VersionLoggerListener.log Command line argument: -Dcatalina.base=D:\Programação\Curso Alura\backend\Java Servlet programação web Java\apache-tomcat-9.0.74
25-Apr-2023 09:58:05.207 INFO [main] org.apache.catalina.startup.VersionLoggerListener.log Command line argument: -Dcatalina.home=D:\Programação\Curso Alura\backend\Java Servlet programação web Java\apache-tomcat-9.0.74
25-Apr-2023 09:58:05.207 INFO [main] org.apache.catalina.startup.VersionLoggerListener.log Command line argument: -Djava.io.tmpdir=D:\Programação\Curso Alura\backend\Java Servlet programação web Java\apache-tomcat-9.0.74\temp
25-Apr-2023 09:58:05.216 INFO [main] org.apache.catalina.core.AprLifecycleListener.lifecycleEvent The Apache Tomcat Native library which allows using OpenSSL was not found on the java.library.path: [C:\Program Files\Java\jdk-19\bin;C:\Windows\Sun\Java\bin;C:\Windows\system32;C:\Windows;C:\Program Files\Eclipse Adoptium\jdk-17.0.6.10-hotspot\bin;C:\Program Files\Common Files\Oracle\Java\javapath;C:\Python311\Scripts\;C:\Python311\;C:\Windows\system32;C:\Windows;C:\Windows\System32\Wbem;C:\Windows\System32\WindowsPowerShell\v1.0\;C:\Windows\System32\OpenSSH\;C:\Program Files (x86)\NVIDIA Corporation\PhysX\Common;C:\Program Files\NVIDIA Corporation\NVIDIA NvDLISR;C:\Program Files\nodejs\;C:\ProgramData\chocolatey\bin;C:\Program Files\Git\cmd;C:\Program Files\PuTTY\;C:\Program Files\Java\jdk-19\bin;C:\MinGW\bin;C:\Program Files\MySQL\MySQL Shell 8.0\bin\;C:\Users\Francisco Neto\AppData\Local\Microsoft\WindowsApps;C:\Users\Francisco Neto\AppData\Local\Programs\Microsoft VS Code\bin;C:\Users\Francisco Neto\AppData\Roaming\npm;C:\Users\Francisco Neto\AppData\Local\GitHubDesktop\bin;C:\Program Files\JetBrains\IntelliJ IDEA 2022.3.2\bin;;C:\maven\bin;;.]
25-Apr-2023 09:58:05.503 INFO [main] org.apache.coyote.AbstractProtocol.init Initializing ProtocolHandler ["http-nio-8080"]
25-Apr-2023 09:58:05.527 INFO [main] org.apache.catalina.startup.Catalina.load Server initialization in [541] milliseconds
25-Apr-2023 09:58:05.572 INFO [main] org.apache.catalina.core.StandardService.startInternal Starting service [Catalina]
25-Apr-2023 09:58:05.573 INFO [main] org.apache.catalina.core.StandardEngine.startInternal Starting Servlet engine: [Apache Tomcat/9.0.74]
25-Apr-2023 09:58:05.592 INFO [main] org.apache.catalina.startup.HostConfig.deployWAR Deploying web application archive [D:\Programação\Curso Alura\backend\Java Servlet programação web Java\apache-tomcat-9.0.74\webapps\gerenciador.war]
25-Apr-2023 09:58:05.614 INFO [main] org.apache.catalina.startup.ExpandWar.expand An expanded directory [D:\Programação\Curso Alura\backend\Java Servlet programação web Java\apache-tomcat-9.0.74\webapps\gerenciador] was found with a last modified time that did not match the associated WAR. It will be deleted.
25-Apr-2023 09:58:06.123 INFO [main] org.apache.catalina.startup.HostConfig.deployWAR Deployment of web application archive [D:\Programação\Curso Alura\backend\Java Servlet programação web Java\apache-tomcat-9.0.74\webapps\gerenciador.war] has finished in [528] ms
25-Apr-2023 09:58:06.124 INFO [main] org.apache.catalina.startup.HostConfig.deployDirectory Diretório de instalação da aplicação web [D:\Programação\Curso Alura\backend\Java Servlet programação web Java\apache-tomcat-9.0.74\webapps\docs]
25-Apr-2023 09:58:06.160 INFO [main] org.apache.catalina.startup.HostConfig.deployDirectory Deployment of web application directory [D:\Programação\Curso Alura\backend\Java Servlet programação web Java\apache-tomcat-9.0.74\webapps\docs] has finished in [35] ms
25-Apr-2023 09:58:06.160 INFO [main] org.apache.catalina.startup.HostConfig.deployDirectory Diretório de instalação da aplicação web [D:\Programação\Curso Alura\backend\Java Servlet programação web Java\apache-tomcat-9.0.74\webapps\examples]
25-Apr-2023 09:58:06.703 INFO [main] org.apache.catalina.startup.HostConfig.deployDirectory Deployment of web application directory [D:\Programação\Curso Alura\backend\Java Servlet programação web Java\apache-tomcat-9.0.74\webapps\examples] has finished in [543] ms
25-Apr-2023 09:58:06.703 INFO [main] org.apache.catalina.startup.HostConfig.deployDirectory Diretório de instalação da aplicação web [D:\Programação\Curso Alura\backend\Java Servlet programação web Java\apache-tomcat-9.0.74\webapps\host-manager]
25-Apr-2023 09:58:06.743 INFO [main] org.apache.catalina.startup.HostConfig.deployDirectory Deployment of web application directory [D:\Programação\Curso Alura\backend\Java Servlet programação web Java\apache-tomcat-9.0.74\webapps\host-manager] has finished in [40] ms
25-Apr-2023 09:58:06.744 INFO [main] org.apache.catalina.startup.HostConfig.deployDirectory Diretório de instalação da aplicação web [D:\Programação\Curso Alura\backend\Java Servlet programação web Java\apache-tomcat-9.0.74\webapps\manager]
25-Apr-2023 09:58:06.782 INFO [main] org.apache.catalina.startup.HostConfig.deployDirectory Deployment of web application directory [D:\Programação\Curso Alura\backend\Java Servlet programação web Java\apache-tomcat-9.0.74\webapps\manager] has finished in [38] ms
25-Apr-2023 09:58:06.782 INFO [main] org.apache.catalina.startup.HostConfig.deployDirectory Diretório de instalação da aplicação web [D:\Programação\Curso Alura\backend\Java Servlet programação web Java\apache-tomcat-9.0.74\webapps\ROOT]
25-Apr-2023 09:58:06.810 INFO [main] org.apache.catalina.startup.HostConfig.deployDirectory Deployment of web application directory [D:\Programação\Curso Alura\backend\Java Servlet programação web Java\apache-tomcat-9.0.74\webapps\ROOT] has finished in [27] ms
25-Apr-2023 09:58:06.814 INFO [main] org.apache.coyote.AbstractProtocol.start Starting ProtocolHandler ["http-nio-8080"]
25-Apr-2023 09:58:06.864 INFO [main] org.apache.catalina.startup.Catalina.start Server startup in [1335] milliseconds
